07-Sep-2017 13:11:53 [main] ERROR test.TestWS - 123
06-Oct-2017 13:45:46 [main] ERROR test.TestWS - 123
09-Nov-2017 12:00:00 [main] ERROR utils.MapUtils - java.lang.ArrayIndexOutOfBoundsException: 0
	at utils.MapUtils.geocodeAddress(MapUtils.java:86)
	at database.OperatiiTraseu.setCoordBound(OperatiiTraseu.java:337)
	at database.OperatiiTraseu.getStartStopBorderou(OperatiiTraseu.java:299)
	at database.OperatiiTraseu.getCoordClientiBorderou(OperatiiTraseu.java:124)
	at test.TestWS.testBorderou(TestWS.java:97)
	at test.TestWS.main(TestWS.java:32)
Extra: 
09-Nov-2017 12:09:52 [main] ERROR utils.MapUtils - java.lang.ArrayIndexOutOfBoundsException: 0
	at utils.MapUtils.geocodeAddress(MapUtils.java:86)
	at database.OperatiiTraseu.setCoordBound(OperatiiTraseu.java:337)
	at database.OperatiiTraseu.getStartStopBorderou(OperatiiTraseu.java:299)
	at database.OperatiiTraseu.getCoordClientiBorderou(OperatiiTraseu.java:124)
	at test.TestWS.testBorderou(TestWS.java:97)
	at test.TestWS.main(TestWS.java:32)
Extra: 
09-Nov-2017 12:14:46 [main] ERROR utils.MapUtils - java.lang.ArrayIndexOutOfBoundsException: 0
	at utils.MapUtils.geocodeAddress(MapUtils.java:89)
	at database.OperatiiTraseu.setCoordBound(OperatiiTraseu.java:337)
	at database.OperatiiTraseu.getStartStopBorderou(OperatiiTraseu.java:299)
	at database.OperatiiTraseu.getCoordClientiBorderou(OperatiiTraseu.java:124)
	at test.TestWS.testBorderou(TestWS.java:97)
	at test.TestWS.main(TestWS.java:32)
Extra: 
29-May-2018 14:57:11 [main] ERROR utils.MapUtils - java.lang.IllegalStateException: Invalid API key.
	at com.google.maps.GeoApiContext.checkContext(GeoApiContext.java:150)
	at com.google.maps.GeoApiContext.getWithPath(GeoApiContext.java:105)
	at com.google.maps.GeoApiContext.get(GeoApiContext.java:74)
	at com.google.maps.PendingResultBase.makeRequest(PendingResultBase.java:79)
	at com.google.maps.PendingResultBase.await(PendingResultBase.java:55)
	at utils.MapUtils.getCoordAddressFromService(MapUtils.java:143)
	at test.TestWS.main(TestWS.java:36)
Extra: Romania, ARGES, Stefanesti
09-Jan-2019 10:27:16 [main] ERROR database.OperatiiTraseu - java.sql.SQLSyntaxErrorException: ORA-01031: privilegii insuficiente
ORA-06512: la "SYS.DBMS_SESSION", linia 130
ORA-06512: la "WEBSAP.SET_BORDEROU_CONTEXT", linia 4
ORA-06512: la linia 1

	at oracle.jdbc.driver.T4CTTIoer.processError(T4CTTIoer.java:447)
	at oracle.jdbc.driver.T4CTTIoer.processError(T4CTTIoer.java:396)
	at oracle.jdbc.driver.T4C8Oall.processError(T4C8Oall.java:951)
	at oracle.jdbc.driver.T4CTTIfun.receive(T4CTTIfun.java:513)
	at oracle.jdbc.driver.T4CTTIfun.doRPC(T4CTTIfun.java:227)
	at oracle.jdbc.driver.T4C8Oall.doOALL(T4C8Oall.java:531)
	at oracle.jdbc.driver.T4CCallableStatement.doOall8(T4CCallableStatement.java:205)
	at oracle.jdbc.driver.T4CCallableStatement.executeForRows(T4CCallableStatement.java:1043)
	at oracle.jdbc.driver.OracleStatement.doExecuteWithTimeout(OracleStatement.java:1336)
	at oracle.jdbc.driver.OraclePreparedStatement.executeInternal(OraclePreparedStatement.java:3613)
	at oracle.jdbc.driver.OraclePreparedStatement.execute(OraclePreparedStatement.java:3714)
	at oracle.jdbc.driver.OracleCallableStatement.execute(OracleCallableStatement.java:4755)
	at oracle.jdbc.driver.OraclePreparedStatementWrapper.execute(OraclePreparedStatementWrapper.java:1378)
	at database.OperatiiTraseu.getDateBorderou(OperatiiTraseu.java:250)
	at test.TestWS.testBorderou(TestWS.java:132)
	at test.TestWS.main(TestWS.java:36)
Extra: 0001938871
09-Jan-2019 19:50:09 [main] ERROR database.OperatiiTraseu - java.sql.SQLSyntaxErrorException: ORA-01031: privilegii insuficiente
ORA-06512: la "SYS.DBMS_SESSION", linia 130
ORA-06512: la "WEBSAP.SET_BORDEROU_CONTEXT", linia 4
ORA-06512: la linia 1

	at oracle.jdbc.driver.T4CTTIoer.processError(T4CTTIoer.java:447)
	at oracle.jdbc.driver.T4CTTIoer.processError(T4CTTIoer.java:396)
	at oracle.jdbc.driver.T4C8Oall.processError(T4C8Oall.java:951)
	at oracle.jdbc.driver.T4CTTIfun.receive(T4CTTIfun.java:513)
	at oracle.jdbc.driver.T4CTTIfun.doRPC(T4CTTIfun.java:227)
	at oracle.jdbc.driver.T4C8Oall.doOALL(T4C8Oall.java:531)
	at oracle.jdbc.driver.T4CCallableStatement.doOall8(T4CCallableStatement.java:205)
	at oracle.jdbc.driver.T4CCallableStatement.executeForRows(T4CCallableStatement.java:1043)
	at oracle.jdbc.driver.OracleStatement.doExecuteWithTimeout(OracleStatement.java:1336)
	at oracle.jdbc.driver.OraclePreparedStatement.executeInternal(OraclePreparedStatement.java:3613)
	at oracle.jdbc.driver.OraclePreparedStatement.execute(OraclePreparedStatement.java:3714)
	at oracle.jdbc.driver.OracleCallableStatement.execute(OracleCallableStatement.java:4755)
	at oracle.jdbc.driver.OraclePreparedStatementWrapper.execute(OraclePreparedStatementWrapper.java:1378)
	at database.OperatiiTraseu.getDateBorderou(OperatiiTraseu.java:250)
	at test.TestWS.testBorderou(TestWS.java:132)
	at test.TestWS.main(TestWS.java:36)
Extra: 0001938871
09-Jan-2019 19:54:26 [main] ERROR database.OperatiiTraseu - java.sql.SQLSyntaxErrorException: ORA-01031: privilegii insuficiente
ORA-06512: la "SYS.DBMS_SESSION", linia 130
ORA-06512: la "WEBSAP.SET_BORDEROU_CONTEXT", linia 4
ORA-06512: la linia 1

	at oracle.jdbc.driver.T4CTTIoer.processError(T4CTTIoer.java:447)
	at oracle.jdbc.driver.T4CTTIoer.processError(T4CTTIoer.java:396)
	at oracle.jdbc.driver.T4C8Oall.processError(T4C8Oall.java:951)
	at oracle.jdbc.driver.T4CTTIfun.receive(T4CTTIfun.java:513)
	at oracle.jdbc.driver.T4CTTIfun.doRPC(T4CTTIfun.java:227)
	at oracle.jdbc.driver.T4C8Oall.doOALL(T4C8Oall.java:531)
	at oracle.jdbc.driver.T4CCallableStatement.doOall8(T4CCallableStatement.java:205)
	at oracle.jdbc.driver.T4CCallableStatement.executeForRows(T4CCallableStatement.java:1043)
	at oracle.jdbc.driver.OracleStatement.doExecuteWithTimeout(OracleStatement.java:1336)
	at oracle.jdbc.driver.OraclePreparedStatement.executeInternal(OraclePreparedStatement.java:3613)
	at oracle.jdbc.driver.OraclePreparedStatement.execute(OraclePreparedStatement.java:3714)
	at oracle.jdbc.driver.OracleCallableStatement.execute(OracleCallableStatement.java:4755)
	at oracle.jdbc.driver.OraclePreparedStatementWrapper.execute(OraclePreparedStatementWrapper.java:1378)
	at database.OperatiiTraseu.getDateBorderou(OperatiiTraseu.java:250)
	at test.TestWS.testBorderou(TestWS.java:132)
	at test.TestWS.main(TestWS.java:36)
Extra: 0001938871
09-Jan-2019 19:56:10 [main] ERROR database.OperatiiTraseu - java.sql.SQLSyntaxErrorException: ORA-01031: privilegii insuficiente
ORA-06512: la "SYS.DBMS_SESSION", linia 130
ORA-06512: la "WEBSAP.SET_BORDEROU_CONTEXT", linia 4
ORA-06512: la linia 1

	at oracle.jdbc.driver.T4CTTIoer.processError(T4CTTIoer.java:447)
	at oracle.jdbc.driver.T4CTTIoer.processError(T4CTTIoer.java:396)
	at oracle.jdbc.driver.T4C8Oall.processError(T4C8Oall.java:951)
	at oracle.jdbc.driver.T4CTTIfun.receive(T4CTTIfun.java:513)
	at oracle.jdbc.driver.T4CTTIfun.doRPC(T4CTTIfun.java:227)
	at oracle.jdbc.driver.T4C8Oall.doOALL(T4C8Oall.java:531)
	at oracle.jdbc.driver.T4CCallableStatement.doOall8(T4CCallableStatement.java:205)
	at oracle.jdbc.driver.T4CCallableStatement.executeForRows(T4CCallableStatement.java:1043)
	at oracle.jdbc.driver.OracleStatement.doExecuteWithTimeout(OracleStatement.java:1336)
	at oracle.jdbc.driver.OraclePreparedStatement.executeInternal(OraclePreparedStatement.java:3613)
	at oracle.jdbc.driver.OraclePreparedStatement.execute(OraclePreparedStatement.java:3714)
	at oracle.jdbc.driver.OracleCallableStatement.execute(OracleCallableStatement.java:4755)
	at oracle.jdbc.driver.OraclePreparedStatementWrapper.execute(OraclePreparedStatementWrapper.java:1378)
	at database.OperatiiTraseu.getDateBorderou(OperatiiTraseu.java:250)
	at test.TestWS.testBorderou(TestWS.java:132)
	at test.TestWS.main(TestWS.java:36)
Extra: 0001938871
27-May-2019 11:07:55 [main] ERROR utils.MapUtils - com.google.maps.errors.OverQueryLimitException: You have exceeded your daily request quota for this API. If you did not set a custom daily request quota, verify your project has an active billing account: http://g.co/dev/maps-no-account
	at com.google.maps.errors.ApiException.from(ApiException.java:48)
	at com.google.maps.GeocodingApi$Response.getError(GeocodingApi.java:84)
	at com.google.maps.internal.OkHttpPendingResult.parseResponse(OkHttpPendingResult.java:236)
	at com.google.maps.internal.OkHttpPendingResult.await(OkHttpPendingResult.java:152)
	at com.google.maps.PendingResultBase.await(PendingResultBase.java:56)
	at utils.MapUtils.getCoordAddressFromService(MapUtils.java:212)
	at main.FlotaWS.getCoordAddress(FlotaWS.java:103)
	at test.TestWS.main(TestWS.java:41)
Extra: Romania, TULCEA, TUDOR VLADIMIRESCU
27-May-2019 11:08:02 [main] ERROR utils.MapUtils - com.google.maps.errors.OverQueryLimitException: You have exceeded your daily request quota for this API. If you did not set a custom daily request quota, verify your project has an active billing account: http://g.co/dev/maps-no-account
	at com.google.maps.errors.ApiException.from(ApiException.java:48)
	at com.google.maps.GeocodingApi$Response.getError(GeocodingApi.java:84)
	at com.google.maps.internal.OkHttpPendingResult.parseResponse(OkHttpPendingResult.java:236)
	at com.google.maps.internal.OkHttpPendingResult.await(OkHttpPendingResult.java:152)
	at com.google.maps.PendingResultBase.await(PendingResultBase.java:56)
	at utils.MapUtils.getCoordAddressFromService(MapUtils.java:212)
	at main.FlotaWS.getCoordAddress(FlotaWS.java:103)
	at test.TestWS.main(TestWS.java:41)
Extra: Romania, TULCEA, TUDOR VLADIMIRESCU
27-May-2019 11:08:09 [main] ERROR utils.MapUtils - com.google.maps.errors.OverQueryLimitException: You have exceeded your daily request quota for this API. If you did not set a custom daily request quota, verify your project has an active billing account: http://g.co/dev/maps-no-account
	at com.google.maps.errors.ApiException.from(ApiException.java:48)
	at com.google.maps.GeocodingApi$Response.getError(GeocodingApi.java:84)
	at com.google.maps.internal.OkHttpPendingResult.parseResponse(OkHttpPendingResult.java:236)
	at com.google.maps.internal.OkHttpPendingResult.await(OkHttpPendingResult.java:152)
	at com.google.maps.PendingResultBase.await(PendingResultBase.java:56)
	at utils.MapUtils.getCoordAddressFromService(MapUtils.java:212)
	at main.FlotaWS.getCoordAddress(FlotaWS.java:103)
	at test.TestWS.main(TestWS.java:41)
Extra: Romania, TULCEA, TUDOR VLADIMIRESCU
27-May-2019 11:08:20 [main] ERROR utils.MapUtils - com.google.maps.errors.OverQueryLimitException: You have exceeded your daily request quota for this API. If you did not set a custom daily request quota, verify your project has an active billing account: http://g.co/dev/maps-no-account
	at com.google.maps.errors.ApiException.from(ApiException.java:48)
	at com.google.maps.GeocodingApi$Response.getError(GeocodingApi.java:84)
	at com.google.maps.internal.OkHttpPendingResult.parseResponse(OkHttpPendingResult.java:236)
	at com.google.maps.internal.OkHttpPendingResult.await(OkHttpPendingResult.java:152)
	at com.google.maps.PendingResultBase.await(PendingResultBase.java:56)
	at utils.MapUtils.getCoordAddressFromService(MapUtils.java:212)
	at main.FlotaWS.getCoordAddress(FlotaWS.java:103)
	at test.TestWS.main(TestWS.java:41)
Extra: Romania, TULCEA, TUDOR VLADIMIRESCU
10-Jul-2019 09:52:43 [main] ERROR utils.MapUtils - com.google.maps.errors.OverQueryLimitException: You have exceeded your daily request quota for this API. If you did not set a custom daily request quota, verify your project has an active billing account: http://g.co/dev/maps-no-account
	at com.google.maps.errors.ApiException.from(ApiException.java:48)
	at com.google.maps.GeocodingApi$Response.getError(GeocodingApi.java:84)
	at com.google.maps.internal.OkHttpPendingResult.parseResponse(OkHttpPendingResult.java:236)
	at com.google.maps.internal.OkHttpPendingResult.await(OkHttpPendingResult.java:152)
	at com.google.maps.PendingResultBase.await(PendingResultBase.java:56)
	at utils.MapUtils.getCoordLocalitateFromService(MapUtils.java:154)
	at main.FlotaWS.getCoordonateLocalitate(FlotaWS.java:99)
	at test.TestWS.main(TestWS.java:44)
Extra: Romania, GALATI, Tecuci
10-Jul-2019 09:53:05 [main] ERROR utils.MapUtils - com.google.maps.errors.OverQueryLimitException: You have exceeded your daily request quota for this API. If you did not set a custom daily request quota, verify your project has an active billing account: http://g.co/dev/maps-no-account
	at com.google.maps.errors.ApiException.from(ApiException.java:48)
	at com.google.maps.GeocodingApi$Response.getError(GeocodingApi.java:84)
	at com.google.maps.internal.OkHttpPendingResult.parseResponse(OkHttpPendingResult.java:236)
	at com.google.maps.internal.OkHttpPendingResult.await(OkHttpPendingResult.java:152)
	at com.google.maps.PendingResultBase.await(PendingResultBase.java:56)
	at utils.MapUtils.getCoordLocalitateFromService(MapUtils.java:154)
	at main.FlotaWS.getCoordonateLocalitate(FlotaWS.java:99)
	at test.TestWS.main(TestWS.java:44)
Extra: Romania, GALATI, Tecuci
11-Jul-2019 11:08:13 [main] ERROR utils.MapUtils - com.google.maps.errors.OverQueryLimitException: You have exceeded your daily request quota for this API. If you did not set a custom daily request quota, verify your project has an active billing account: http://g.co/dev/maps-no-account
	at com.google.maps.errors.ApiException.from(ApiException.java:48)
	at com.google.maps.GeocodingApi$Response.getError(GeocodingApi.java:84)
	at com.google.maps.internal.OkHttpPendingResult.parseResponse(OkHttpPendingResult.java:236)
	at com.google.maps.internal.OkHttpPendingResult.await(OkHttpPendingResult.java:152)
	at com.google.maps.PendingResultBase.await(PendingResultBase.java:56)
	at utils.MapUtils.getCoordLocalitateFromService(MapUtils.java:154)
	at maps.MapsServices.getZonaBucuresti(MapsServices.java:17)
	at main.FlotaWS.getZonaBucuresti(FlotaWS.java:188)
	at test.TestWS.main(TestWS.java:47)
Extra: Romania, CALARASI, Slobozia
11-Jul-2019 11:08:27 [main] ERROR utils.MapUtils - com.google.maps.errors.OverQueryLimitException: You have exceeded your daily request quota for this API. If you did not set a custom daily request quota, verify your project has an active billing account: http://g.co/dev/maps-no-account
	at com.google.maps.errors.ApiException.from(ApiException.java:48)
	at com.google.maps.GeocodingApi$Response.getError(GeocodingApi.java:84)
	at com.google.maps.internal.OkHttpPendingResult.parseResponse(OkHttpPendingResult.java:236)
	at com.google.maps.internal.OkHttpPendingResult.await(OkHttpPendingResult.java:152)
	at com.google.maps.PendingResultBase.await(PendingResultBase.java:56)
	at utils.MapUtils.getCoordLocalitateFromService(MapUtils.java:154)
	at maps.MapsServices.getZonaBucuresti(MapsServices.java:17)
	at main.FlotaWS.getZonaBucuresti(FlotaWS.java:188)
	at test.TestWS.main(TestWS.java:47)
Extra: Romania, CALARASI, Slobozia
11-Jul-2019 11:08:38 [main] ERROR utils.MapUtils - com.google.maps.errors.OverQueryLimitException: You have exceeded your daily request quota for this API. If you did not set a custom daily request quota, verify your project has an active billing account: http://g.co/dev/maps-no-account
	at com.google.maps.errors.ApiException.from(ApiException.java:48)
	at com.google.maps.GeocodingApi$Response.getError(GeocodingApi.java:84)
	at com.google.maps.internal.OkHttpPendingResult.parseResponse(OkHttpPendingResult.java:236)
	at com.google.maps.internal.OkHttpPendingResult.await(OkHttpPendingResult.java:152)
	at com.google.maps.PendingResultBase.await(PendingResultBase.java:56)
	at utils.MapUtils.getCoordLocalitateFromService(MapUtils.java:154)
	at maps.MapsServices.getZonaBucuresti(MapsServices.java:17)
	at main.FlotaWS.getZonaBucuresti(FlotaWS.java:188)
	at test.TestWS.main(TestWS.java:47)
Extra: Romania, CALARASI, Slobozia
11-Jul-2019 11:08:56 [main] ERROR utils.MapUtils - com.google.maps.errors.OverQueryLimitException: You have exceeded your daily request quota for this API. If you did not set a custom daily request quota, verify your project has an active billing account: http://g.co/dev/maps-no-account
	at com.google.maps.errors.ApiException.from(ApiException.java:48)
	at com.google.maps.GeocodingApi$Response.getError(GeocodingApi.java:84)
	at com.google.maps.internal.OkHttpPendingResult.parseResponse(OkHttpPendingResult.java:236)
	at com.google.maps.internal.OkHttpPendingResult.await(OkHttpPendingResult.java:152)
	at com.google.maps.PendingResultBase.await(PendingResultBase.java:56)
	at utils.MapUtils.getCoordLocalitateFromService(MapUtils.java:154)
	at maps.MapsServices.getZonaBucuresti(MapsServices.java:17)
	at main.FlotaWS.getZonaBucuresti(FlotaWS.java:188)
	at test.TestWS.main(TestWS.java:47)
Extra: Romania, CALARASI, Slobozia
11-Jul-2019 11:09:01 [main] ERROR utils.MapUtils - com.google.maps.errors.OverQueryLimitException: You have exceeded your daily request quota for this API. If you did not set a custom daily request quota, verify your project has an active billing account: http://g.co/dev/maps-no-account
	at com.google.maps.errors.ApiException.from(ApiException.java:48)
	at com.google.maps.GeocodingApi$Response.getError(GeocodingApi.java:84)
	at com.google.maps.internal.OkHttpPendingResult.parseResponse(OkHttpPendingResult.java:236)
	at com.google.maps.internal.OkHttpPendingResult.await(OkHttpPendingResult.java:152)
	at com.google.maps.PendingResultBase.await(PendingResultBase.java:56)
	at utils.MapUtils.getCoordLocalitateFromService(MapUtils.java:154)
	at maps.MapsServices.getZonaBucuresti(MapsServices.java:17)
	at main.FlotaWS.getZonaBucuresti(FlotaWS.java:188)
	at test.TestWS.main(TestWS.java:47)
Extra: Romania, CALARASI, Slobozia
11-Jul-2019 11:09:13 [main] ERROR utils.MapUtils - com.google.maps.errors.OverQueryLimitException: You have exceeded your daily request quota for this API. If you did not set a custom daily request quota, verify your project has an active billing account: http://g.co/dev/maps-no-account
	at com.google.maps.errors.ApiException.from(ApiException.java:48)
	at com.google.maps.GeocodingApi$Response.getError(GeocodingApi.java:84)
	at com.google.maps.internal.OkHttpPendingResult.parseResponse(OkHttpPendingResult.java:236)
	at com.google.maps.internal.OkHttpPendingResult.await(OkHttpPendingResult.java:152)
	at com.google.maps.PendingResultBase.await(PendingResultBase.java:56)
	at utils.MapUtils.getCoordLocalitateFromService(MapUtils.java:154)
	at maps.MapsServices.getZonaBucuresti(MapsServices.java:17)
	at main.FlotaWS.getZonaBucuresti(FlotaWS.java:188)
	at test.TestWS.main(TestWS.java:47)
Extra: Romania, CALARASI, Slobozia
11-Jul-2019 11:09:55 [main] ERROR utils.MapUtils - com.google.maps.errors.OverQueryLimitException: You have exceeded your daily request quota for this API. If you did not set a custom daily request quota, verify your project has an active billing account: http://g.co/dev/maps-no-account
	at com.google.maps.errors.ApiException.from(ApiException.java:48)
	at com.google.maps.GeocodingApi$Response.getError(GeocodingApi.java:84)
	at com.google.maps.internal.OkHttpPendingResult.parseResponse(OkHttpPendingResult.java:236)
	at com.google.maps.internal.OkHttpPendingResult.await(OkHttpPendingResult.java:152)
	at com.google.maps.PendingResultBase.await(PendingResultBase.java:56)
	at utils.MapUtils.getCoordLocalitateFromService(MapUtils.java:154)
	at maps.MapsServices.getZonaBucuresti(MapsServices.java:17)
	at main.FlotaWS.getZonaBucuresti(FlotaWS.java:188)
	at test.TestWS.main(TestWS.java:47)
Extra: Romania, CALARASI, Slobozia
15-Jul-2019 10:01:04 [main] ERROR utils.MapUtils - java.lang.IllegalStateException: Invalid API key.
	at com.google.maps.GeoApiContext.checkContext(GeoApiContext.java:150)
	at com.google.maps.GeoApiContext.getWithPath(GeoApiContext.java:105)
	at com.google.maps.GeoApiContext.get(GeoApiContext.java:74)
	at com.google.maps.PendingResultBase.makeRequest(PendingResultBase.java:79)
	at com.google.maps.PendingResultBase.await(PendingResultBase.java:55)
	at utils.MapUtils.getCoordLocalitateFromService(MapUtils.java:156)
	at maps.MapsServices.getZonaBucuresti(MapsServices.java:17)
	at main.FlotaWS.getZonaBucuresti(FlotaWS.java:188)
	at test.TestWS.main(TestWS.java:47)
Extra: Romania, CALARASI, Slobozia
15-Jul-2019 10:04:50 [main] ERROR utils.MapUtils - com.google.maps.errors.OverQueryLimitException: You have exceeded your daily request quota for this API. If you did not set a custom daily request quota, verify your project has an active billing account: http://g.co/dev/maps-no-account
	at com.google.maps.errors.ApiException.from(ApiException.java:48)
	at com.google.maps.GeocodingApi$Response.getError(GeocodingApi.java:84)
	at com.google.maps.internal.OkHttpPendingResult.parseResponse(OkHttpPendingResult.java:236)
	at com.google.maps.internal.OkHttpPendingResult.await(OkHttpPendingResult.java:152)
	at com.google.maps.PendingResultBase.await(PendingResultBase.java:56)
	at utils.MapUtils.getCoordAddressFromService(MapUtils.java:215)
	at main.FlotaWS.getCoordAddress(FlotaWS.java:103)
	at test.TestWS.main(TestWS.java:41)
Extra: Romania, TULCEA, TUDOR VLADIMIRESCU
